[INFO  - 2017-03-17T08:44:29.272Z] GhostDriver - Main - running on port 65184
[INFO  - 2017-03-17T08:44:29.993Z] Session [ef81fd50-0aed-11e7-800e-ab370e145dc3] - page.settings - {"XSSAuditingEnabled":false,"javascriptCanCloseWindows":true,"javascriptCanOpenWindows":true,"javascriptEnabled":true,"loadImages":true,"localToRemoteUrlAccessEnabled":false,"userAgent":"Mozilla/5.0 (Macintosh; Intel Mac OS X) AppleWebKit/538.1 (KHTML, like Gecko) PhantomJS/2.1.1 Safari/538.1","webSecurityEnabled":true}
[INFO  - 2017-03-17T08:44:29.993Z] Session [ef81fd50-0aed-11e7-800e-ab370e145dc3] - page.customHeaders:  - {}
[INFO  - 2017-03-17T08:44:29.993Z] Session [ef81fd50-0aed-11e7-800e-ab370e145dc3] - Session.negotiatedCapabilities - {"browserName":"phantomjs","version":"2.1.1","driverName":"ghostdriver","driverVersion":"1.2.0","platform":"mac-unknown-64bit","javascriptEnabled":true,"takesScreenshot":true,"handlesAlerts":false,"databaseEnabled":false,"locationContextEnabled":false,"applicationCacheEnabled":false,"browserConnectionEnabled":false,"cssSelectorsEnabled":true,"webStorageEnabled":false,"rotatable":false,"acceptSslCerts":false,"nativeEvents":true,"proxy":{"proxyType":"direct"}}
[INFO  - 2017-03-17T08:44:29.993Z] SessionManagerReqHand - _postNewSessionCommand - New Session Created: ef81fd50-0aed-11e7-800e-ab370e145dc3
[ERROR - 2017-03-17T08:44:37.337Z] Session [ef81fd50-0aed-11e7-800e-ab370e145dc3] - page.onError - msg: ReferenceError: Can't find variable: $

  phantomjs://platform/console++.js:263 in error
[ERROR - 2017-03-17T08:44:37.338Z] Session [ef81fd50-0aed-11e7-800e-ab370e145dc3] - page.onError - stack:
  global code (http://127.0.0.1:8080/repos/bundled/shelves/unittests/libraries/basic/:172)

  phantomjs://platform/console++.js:263 in error
[ERROR - 2017-03-17T08:44:37.369Z] Session [ef81fd50-0aed-11e7-800e-ab370e145dc3] - page.onError - msg: TypeError: undefined is not an object (evaluating 'all_images.push')

  phantomjs://platform/console++.js:263 in error
[ERROR - 2017-03-17T08:44:37.369Z] Session [ef81fd50-0aed-11e7-800e-ab370e145dc3] - page.onError - stack:
  global code (http://127.0.0.1:8080/repos/bundled/shelves/unittests/libraries/basic/:2618)

  phantomjs://platform/console++.js:263 in error
[ERROR - 2017-03-17T08:44:37.369Z] Session [ef81fd50-0aed-11e7-800e-ab370e145dc3] - page.onError - msg: TypeError: undefined is not an object (evaluating 'all_images.push')

  phantomjs://platform/console++.js:263 in error
[ERROR - 2017-03-17T08:44:37.369Z] Session [ef81fd50-0aed-11e7-800e-ab370e145dc3] - page.onError - stack:
  global code (http://127.0.0.1:8080/repos/bundled/shelves/unittests/libraries/basic/:2650)

  phantomjs://platform/console++.js:263 in error
[ERROR - 2017-03-17T08:44:37.369Z] Session [ef81fd50-0aed-11e7-800e-ab370e145dc3] - page.onError - msg: TypeError: undefined is not an object (evaluating 'all_images.push')

  phantomjs://platform/console++.js:263 in error
[ERROR - 2017-03-17T08:44:37.370Z] Session [ef81fd50-0aed-11e7-800e-ab370e145dc3] - page.onError - stack:
  global code (http://127.0.0.1:8080/repos/bundled/shelves/unittests/libraries/basic/:2682)

  phantomjs://platform/console++.js:263 in error
[ERROR - 2017-03-17T08:44:37.370Z] Session [ef81fd50-0aed-11e7-800e-ab370e145dc3] - page.onError - msg: TypeError: undefined is not an object (evaluating 'all_images.push')

  phantomjs://platform/console++.js:263 in error
[ERROR - 2017-03-17T08:44:37.370Z] Session [ef81fd50-0aed-11e7-800e-ab370e145dc3] - page.onError - stack:
  global code (http://127.0.0.1:8080/repos/bundled/shelves/unittests/libraries/basic/:2714)

  phantomjs://platform/console++.js:263 in error
[ERROR - 2017-03-17T08:44:37.370Z] Session [ef81fd50-0aed-11e7-800e-ab370e145dc3] - page.onError - msg: TypeError: undefined is not an object (evaluating 'all_images.push')

  phantomjs://platform/console++.js:263 in error
[ERROR - 2017-03-17T08:44:37.370Z] Session [ef81fd50-0aed-11e7-800e-ab370e145dc3] - page.onError - stack:
  global code (http://127.0.0.1:8080/repos/bundled/shelves/unittests/libraries/basic/:2746)

  phantomjs://platform/console++.js:263 in error
[ERROR - 2017-03-17T08:44:37.370Z] Session [ef81fd50-0aed-11e7-800e-ab370e145dc3] - page.onError - msg: TypeError: undefined is not an object (evaluating 'all_images.push')

  phantomjs://platform/console++.js:263 in error
[ERROR - 2017-03-17T08:44:37.371Z] Session [ef81fd50-0aed-11e7-800e-ab370e145dc3] - page.onError - stack:
  global code (http://127.0.0.1:8080/repos/bundled/shelves/unittests/libraries/basic/:2778)

  phantomjs://platform/console++.js:263 in error
[ERROR - 2017-03-17T08:44:37.371Z] Session [ef81fd50-0aed-11e7-800e-ab370e145dc3] - page.onError - msg: TypeError: undefined is not an object (evaluating 'all_images.push')

  phantomjs://platform/console++.js:263 in error
[ERROR - 2017-03-17T08:44:37.371Z] Session [ef81fd50-0aed-11e7-800e-ab370e145dc3] - page.onError - stack:
  global code (http://127.0.0.1:8080/repos/bundled/shelves/unittests/libraries/basic/:2810)

  phantomjs://platform/console++.js:263 in error
[ERROR - 2017-03-17T08:44:37.371Z] Session [ef81fd50-0aed-11e7-800e-ab370e145dc3] - page.onError - msg: TypeError: undefined is not an object (evaluating 'all_images.push')

  phantomjs://platform/console++.js:263 in error
[ERROR - 2017-03-17T08:44:37.371Z] Session [ef81fd50-0aed-11e7-800e-ab370e145dc3] - page.onError - stack:
  global code (http://127.0.0.1:8080/repos/bundled/shelves/unittests/libraries/basic/:2842)

  phantomjs://platform/console++.js:263 in error
[ERROR - 2017-03-17T08:44:37.371Z] Session [ef81fd50-0aed-11e7-800e-ab370e145dc3] - page.onError - msg: TypeError: undefined is not an object (evaluating 'all_images.push')

  phantomjs://platform/console++.js:263 in error
[ERROR - 2017-03-17T08:44:37.371Z] Session [ef81fd50-0aed-11e7-800e-ab370e145dc3] - page.onError - stack:
  global code (http://127.0.0.1:8080/repos/bundled/shelves/unittests/libraries/basic/:2874)

  phantomjs://platform/console++.js:263 in error
[ERROR - 2017-03-17T08:44:37.371Z] Session [ef81fd50-0aed-11e7-800e-ab370e145dc3] - page.onError - msg: TypeError: undefined is not an object (evaluating 'all_images.push')

  phantomjs://platform/console++.js:263 in error
[ERROR - 2017-03-17T08:44:37.371Z] Session [ef81fd50-0aed-11e7-800e-ab370e145dc3] - page.onError - stack:
  global code (http://127.0.0.1:8080/repos/bundled/shelves/unittests/libraries/basic/:2906)

  phantomjs://platform/console++.js:263 in error
[ERROR - 2017-03-17T08:44:37.372Z] Session [ef81fd50-0aed-11e7-800e-ab370e145dc3] - page.onError - msg: TypeError: undefined is not an object (evaluating 'all_images.push')

  phantomjs://platform/console++.js:263 in error
[ERROR - 2017-03-17T08:44:37.372Z] Session [ef81fd50-0aed-11e7-800e-ab370e145dc3] - page.onError - stack:
  global code (http://127.0.0.1:8080/repo[INFO  - 2017-03-17T08:44:42.128Z] SessionManagerReqHand - _cleanupWindowlessSessions - Asynchronous Sessions clean-up phase starting NOW
[INFO  - 2017-03-17T08:49:42.131Z] SessionManagerReqHand - _cleanupWindowlessSessions - Asynchronous Sessions clean-up phase starting NOW
[INFO  - 2017-03-17T08:54:42.139Z] SessionManagerReqHand - _cleanupWindowlessSessions - Asynchronous Sessions clean-up phase starting NOW
[INFO  - 2017-03-17T08:59:42.144Z] SessionManagerReqHand - _cleanupWindowlessSessions - Asynchronous Sessions clean-up phase starting NOW
[INFO  - 2017-03-17T09:04:42.148Z] SessionManagerReqHand - _cleanupWindowlessSessions - Asynchronous Sessions clean-up phase starting NOW
[INFO  - 2017-03-17T09:09:42.151Z] SessionManagerReqHand - _cleanupWindowlessSessions - Asynchronous Sessions clean-up phase starting NOW
[INFO  - 2017-03-17T09:14:42.155Z] SessionManagerReqHand - _cleanupWindowlessSessions - Asynchronous Sessions clean-up phase starting NOW
[INFO  - 2017-03-17T09:19:42.160Z] SessionManagerReqHand - _cleanupWindowlessSessions - Asynchronous Sessions clean-up phase starting NOW
[INFO  - 2017-03-17T09:24:42.165Z] SessionManagerReqHand - _cleanupWindowlessSessions - Asynchronous Sessions clean-up phase starting NOW
[INFO  - 2017-03-17T09:29:42.170Z] SessionManagerReqHand - _cleanupWindowlessSessions - Asynchronous Sessions clean-up phase starting NOW
[INFO  - 2017-03-17T09:34:42.174Z] SessionManagerReqHand - _cleanupWindowlessSessions - Asynchronous Sessions clean-up phase starting NOW
[INFO  - 2017-03-17T09:39:42.177Z] SessionManagerReqHand - _cleanupWindowlessSessions - Asynchronous Sessions clean-up phase starting NOW
[INFO  - 2017-03-17T09:44:42.182Z] SessionManagerReqHand - _cleanupWindowlessSessions - Asynchronous Sessions clean-up phase starting NOW
[INFO  - 2017-03-17T09:49:42.184Z] SessionManagerReqHand - _cleanupWindowlessSessions - Asynchronous Sessions clean-up phase starting NOW
[INFO  - 2017-03-17T09:54:42.187Z] SessionManagerReqHand - _cleanupWindowlessSessions - Asynchronous Sessions clean-up phase starting NOW
[INFO  - 2017-03-17T09:59:42.190Z] SessionManagerReqHand - _cleanupWindowlessSessions - Asynchronous Sessions clean-up phase starting NOW
[INFO  - 2017-03-17T10:04:42.621Z] SessionManagerReqHand - _cleanupWindowlessSessions - Asynchronous Sessions clean-up phase starting NOW
[INFO  - 2017-03-17T10:09:42.624Z] SessionManagerReqHand - _cleanupWindowlessSessions - Asynchronous Sessions clean-up phase starting NOW
[INFO  - 2017-03-17T10:14:42.627Z] SessionManagerReqHand - _cleanupWindowlessSessions - Asynchronous Sessions clean-up phase starting NOW
[INFO  - 2017-03-17T10:15:24.629Z] SessionManagerReqHand - _cleanupWindowlessSessions - Asynchronous Sessions clean-up phase starting NOW
 - Asynchronous Sessions clean-up phase starting NOW
[INFO  - 2017-03-17T10:16:14.658Z] SessionManagerReqHand - _cleanupWindowlessSessions - Asynchronous Sessions clean-up phase starting NOW
[INFO  - 2017-03-17T10:12:25.004Z] SessionManagerReqHand - _cleanupWindowlessSessions - Asynchronous Sessions clean-up phase starting NOW
[INFO  - 2017-03-17T10:07:27.543Z] SessionManagerReqHand - _cleanupWindowlessSessions - Asynchronous Sessions clean-up phase starting NOW
[INFO  - 2017-03-17T10:12:27.532Z] SessionManagerReqHand - _cleanupWindowlessSessions - Asynchronous Sessions clean-up phase starting NOW
[INFO  - 2017-03-17T10:10:47.651Z] SessionManagerReqHand - _cleanupWindowlessSessions - Asynchronous Sessions clean-up phase starting NOW
[INFO  - 2017-03-17T10:15:47.656Z] SessionManagerReqHand - _cleanupWindowlessSessions - Asynchronous Sessions clean-up phase starting NOW
08:44:37.373Z] Session [ef81fd50-0aed-11e7-800e-ab370e145dc3] - page.onError - stack:
  global code (http://127.0.0.1:8080/repos/bundled/shelves/unittests/libraries/basic/:3194)

  phantomjs://platform/console++.js:263 in error
[ERROR - 2017-03-17T08:44:37.373Z] Session [ef81fd50-0aed-11e7-800e-ab370e145dc3] - page.onError - msg: TypeError: undefined is not an object (evaluating 'all_images.push')

  phantomjs://platform/console++.js:263 in error
[ERROR - 2017-03-17T08:44:37.374Z] Session [ef81fd50-0aed-11e7-800e-ab370e145dc3] - page.onError - stack:
  global code (http://127.0.0.1:8080/repos/bundled/shelves/unittests/libraries/basic/:3226)

  phantomjs://platform/console++.js:263 in error
[ERROR - 2017-03-17T08:44:37.374Z] Session [ef81fd50-0aed-11e7-800e-ab370e145dc3] - page.onError - msg: TypeError: undefined is not an object (evaluating 'all_images.push')

  phantomjs://platform/console++.js:263 in error
[ERROR - 2017-03-17T08:44:37.374Z] Session [ef81fd50-0aed-11e7-800e-ab370e145dc3] - page.onError - stack:
  global code (http://127.0.0.1:8080/repos/bundled/shelves/unittests/libraries/basic/:3258)

  phantomjs://platform/console++.js:263 in error
[ERROR - 2017-03-17T08:44:37.374Z] Session [ef81fd50-0aed-11e7-800e-ab370e145dc3] - page.onError - msg: TypeError: undefined is not an object (evaluating 'all_images.push')

  phantomjs://platform/console++.js:263 in error
[ERROR - 2017-03-17T08:44:37.374Z] Session [ef81fd50-0aed-11e7-800e-ab370e145dc3] - page.onError - stack:
  global code (http://127.0.0.1:8080/repos/bundled/shelves/unittests/libraries/basic/:3290)

  phantomjs://platform/console++.js:263 in error
[ERROR - 2017-03-17T08:44:37.374Z] Session [ef81fd50-0aed-11e7-800e-ab370e145dc3] - page.onError - msg: TypeError: undefined is not an object (evaluating 'all_images.push')

  phantomjs://platform/console++.js:263 in error
[ERROR - 2017-03-17T08:44:37.374Z] Session [ef81fd50-0aed-11e7-800e-ab370e145dc3] - page.onError - stack:
  global code (http://127.0.0.1:8080/repos/bundled/shelves/unittests/libraries/basic/:3322)

  phantomjs://platform/console++.js:263 in error
[ERROR - 2017-03-17T08:44:37.374Z] Session [ef81fd50-0aed-11e7-800e-ab370e145dc3] - page.onError - msg: TypeError: undefined is not an object (evaluating 'all_images.push')

  phantomjs://platform/console++.js:263 in error
[ERROR - 2017-03-17T08:44:37.374Z] Session [ef81fd50-0aed-11e7-800e-ab370e145dc3] - page.onError - stack:
  global code (http://127.0.0.1:8080/repos/bundled/shelves/unittests/libraries/basic/:3354)

  phantomjs://platform/console++.js:263 in error
[ERROR - 2017-03-17T08:44:37.375Z] Session [ef81fd50-0aed-11e7-800e-ab370e145dc3] - page.onError - msg: TypeError: undefined is not an object (evaluating 'all_images.push')

  phantomjs://platform/console++.js:263 in error
[ERROR - 2017-03-17T08:44:37.375Z] Session [ef81fd50-0aed-11e7-800e-ab370e145dc3] - page.onError - stack:
  global code (http://127.0.0.1:8080/repos/bundled/shelves/unittests/libraries/basic/:3386)

  phantomjs://platform/console++.js:263 in error
[ERROR - 2017-03-17T08:44:37.375Z] Session [ef81fd50-0aed-11e7-800e-ab370e145dc3] - page.onError - msg: TypeError: undefined is not an object (evaluating 'all_images.push')

  phantomjs://platform/console++.js:263 in error
[ERROR - 2017-03-17T08:44:37.375Z] Session [ef81fd50-0aed-11e7-800e-ab370e145dc3] - page.onError - stack:
  global code (http://127.0.0.1:8080/repos/bundled/shelves/unittests/libraries/basic/:3418)

  phantomjs://platform/console++.js:263 in error
[ERROR - 2017-03-17T08:44:37.375Z] Session [ef81fd50-0aed-11e7-800e-ab370e145dc3] - page.onError - msg: TypeError: undefined is not an object (evaluating 'all_images.push')

  phantomjs://platform/console++.js:263 in error
[ERROR - 2017-03-17T08:44:37.375Z] Session [ef81fd50-0aed-11e7-800e-ab370e145dc3] - page.onError - stack:
  global code (http://127.0.0.1:8080/repos/bundled/shelves/unittests/libraries/basic/:3450)

  phantomjs://platform/console++.js:263 in error
[ERROR - 2017-03-17T08:44:37.375Z] Session [ef81fd50-0aed-11e7-800e-ab370e145dc3] - page.onError - msg: TypeError: undefined is not an object (evaluating 'all_images.push')

  phantomjs://platform/console++.js:263 in error
[ERROR - 2017-03-17T08:44:37.375Z] Session [ef81fd50-0aed-11e7-800e-ab370e145dc3] - page.onError - stack:
  global code (http://127.0.0.1:8080/repos/bundled/shelves/unittests/libraries/basic/:3482)

  phantomjs://platform/console++.js:263 in error
[ERROR - 2017-03-17T08:44:37.375Z] Session [ef81fd50-0aed-11e7-800e-ab370e145dc3] - page.onError - msg: TypeError: undefined is not an object (evaluating 'all_images.push')

  phantomjs://platform/console++.js:263 in error
[ERROR - 2017-03-17T08:44:37.375Z] Session [ef81fd50-0aed-11e7-800e-ab370e145dc3] - page.onError - stack:
  global code (http://127.0.0.1:8080/repos/bundled/shelves/unittests/libraries/basic/:3514)

  phantomjs://platform/console++.js:263 in error
[ERROR - 2017-03-17T08:44:37.376Z] Session [ef81fd50-0aed-11e7-800e-ab370e145dc3] - page.onError - msg: TypeError: undefined is not an object (evaluating 'all_images.push')

  phantomjs://platform/console++.js:263 in error
[ERROR - 2017-03-17T08:44:37.376Z] Session [ef81fd50-0aed-11e7-800e-ab370e145dc3] - page.onError - stack:
  global code (http://127.0.0.1:8080/repos/bundled/shelves/unittests/libraries/basic/:3546)

  phantomjs://platform/console++.js:263 in error
[ERROR - 2017-03-17T08:44:37.376Z] Session [ef81fd50-0aed-11e7-800e-ab370e145dc3] - page.onError - msg: TypeError: undefined is not an object (evaluating 'all_images.push')

  phantomjs://platform/console++.js:263 in error
[ERROR - 2017-03-17T08:44:37.376Z] Session [ef81fd50-0aed-11e7-800e-ab370e145dc3] - page.onError - stack:
  global code (http://127.0.0.1:8080/repos/bundled/shelves/unittests/libraries/basic/:3578)

  phantomjs://platform/console++.js:263 in error
[ERROR - 2017-03-17T08:44:37.376Z] Session [ef81fd50-0aed-11e7-800e-ab370e145dc3] - page.onError - msg: TypeError: undefined is not an object (evaluating 'all_images.push')

  phantomjs://platform/console++.js:263 in error
[ERROR - 2017-03-17T08:44:37.376Z] Session [ef81fd50-0aed-11e7-800e-ab370e145dc3] - page.onError - stack:
  global code (http://127.0.0.1:8080/repos/bundled/shelves/unittests/libraries/basic/:3610)

  phantomjs://platform/console++.js:263 in error
[ERROR - 2017-03-17T08:44:37.377Z] Session [ef81fd50-0aed-11e7-800e-ab370e145dc3] - page.onError - msg: TypeError: undefined is not an object (evaluating 'all_images.push')

  phantomjs://platform/console++.js:263 in error
[ERROR - 2017-03-17T08:44:37.377Z] Session [ef81fd50-0aed-11e7-800e-ab370e145dc3] - page.onError - stack:
  global code (http://127.0.0.1:8080/repos/bundled/shelves/unittests/libraries/basic/:3642)

  phantomjs://platform/console++.js:263 in error
[ERROR - 2017-03-17T08:44:37.377Z] Session [ef81fd50-0aed-11e7-800e-ab370e145dc3] - page.onError - msg: TypeError: undefined is not an object (evaluating 'all_images.push')

  phantomjs://platform/console++.js:263 in error
[ERROR - 2017-03-17T08:44:37.377Z] Session [ef81fd50-0aed-11e7-800e-ab370e145dc3] - page.onError - stack:
  global code (http://127.0.0.1:8080/repos/bundled/shelves/unittests/libraries/basic/:3674)

  phantomjs://platform/console++.js:263 in error
[ERROR - 2017-03-17T08:44:37.377Z] Session [ef81fd50-0aed-11e7-800e-ab370e145dc3] - page.onError - msg: TypeError: undefined is not an object (evaluating 'all_images.push')

  phantomjs://platform/console++.js:263 in error
[ERROR - 2017-03-17T08:44:37.377Z] Session [ef81fd50-0aed-11e7-800e-ab370e145dc3] - page.onError - stack:
  global code (http://127.0.0.1:8080/repos/bundled/shelves/unittests/libraries/basic/:3706)

  phantomjs://platform/console++.js:263 in error
[ERROR - 2017-03-17T08:44:37.377Z] Session [ef81fd50-0aed-11e7-800e-ab370e145dc3] - page.onError - msg: TypeError: undefined is not an object (evaluating 'all_images.push')

  phantomjs://platform/console++.js:263 in error
[ERROR - 2017-03-17T08:44:37.378Z] Session [ef81fd50-0aed-11e7-800e-ab370e145dc3] - page.onError - stack:
  global code (http://127.0.0.1:8080/repos/bundled/shelves/unittests/libraries/basic/:3738)

  phantomjs://platform/console++.js:263 in error
[ERROR - 2017-03-17T08:44:37.378Z] Session [ef81fd50-0aed-11e7-800e-ab370e145dc3] - page.onError - msg: TypeError: undefined is not an object (evaluating 'all_images.push')

  phantomjs://platform/console++.js:263 in error
[ERROR - 2017-03-17T08:44:37.378Z] Session [ef81fd50-0aed-11e7-800e-ab370e145dc3] - page.onError - stack:
  global code (http://127.0.0.1:8080/repos/bundled/shelves/unittests/libraries/basic/:3770)

  phantomjs://platform/console++.js:263 in error
[ERROR - 2017-03-17T08:44:37.378Z] Session [ef81fd50-0aed-11e7-800e-ab370e145dc3] - page.onError - msg: TypeError: undefined is not an object (evaluating 'all_images.push')

  phantomjs://platform/console++.js:263 in error
[ERROR - 2017-03-17T08:44:37.378Z] Session [ef81fd50-0aed-11e7-800e-ab370e145dc3] - page.onError - stack:
  global code (http://127.0.0.1:8080/repos/bundled/shelves/unittests/libraries/basic/:3802)

  phantomjs://platform/console++.js:263 in error
[ERROR - 2017-03-17T08:44:37.378Z] Session [ef81fd50-0aed-11e7-800e-ab370e145dc3] - page.onError - msg: TypeError: undefined is not an object (evaluating 'all_images.push')

  phantomjs://platform/console++.js:263 in error
[ERROR - 2017-03-17T08:44:37.378Z] Session [ef81fd50-0aed-11e7-800e-ab370e145dc3] - page.onError - stack:
  global code (http://127.0.0.1:8080/repos/bundled/shelves/unittests/libraries/basic/:3834)

  phantomjs://platform/console++.js:263 in error
[ERROR - 2017-03-17T08:44:37.378Z] Session [ef81fd50-0aed-11e7-800e-ab370e145dc3] - page.onError - msg: TypeError: undefined is not an object (evaluating 'all_images.push')

  phantomjs://platform/console++.js:263 in error
[ERROR - 2017-03-17T08:44:37.378Z] Session [ef81fd50-0aed-11e7-800e-ab370e145dc3] - page.onError - stack:
  global code (http://127.0.0.1:8080/repos/bundled/shelves/unittests/libraries/basic/:3866)

  phantomjs://platform/console++.js:263 in error
[ERROR - 2017-03-17T08:44:37.379Z] Session [ef81fd50-0aed-11e7-800e-ab370e145dc3] - page.onError - msg: TypeError: undefined is not an object (evaluating 'all_images.push')

  phantomjs://platform/console++.js:263 in error
[ERROR - 2017-03-17T08:44:37.379Z] Session [ef81fd50-0aed-11e7-800e-ab370e145dc3] - page.onError - stack:
  global code (http://127.0.0.1:8080/repos/bundled/shelves/unittests/libraries/basic/:3898)

  phantomjs://platform/console++.js:263 in error
[ERROR - 2017-03-17T08:44:37.379Z] Session [ef81fd50-0aed-11e7-800e-ab370e145dc3] - page.onError - msg: TypeError: undefined is not an object (evaluating 'all_images.push')

  phantomjs://platform/console++.js:263 in error
[ERROR - 2017-03-17T08:44:37.379Z] Session [ef81fd50-0aed-11e7-800e-ab370e145dc3] - page.onError - stack:
  global code (http://127.0.0.1:8080/repos/bundled/shelves/unittests/libraries/basic/:3930)

  phantomjs://platform/console++.js:263 in error
[ERROR - 2017-03-17T08:44:37.379Z] Session [ef81fd50-0aed-11e7-800e-ab370e145dc3] - page.onError - msg: TypeError: undefined is not an object (evaluating 'all_images.push')

  phantomjs://platform/console++.js:263 in error
[ERROR - 2017-03-17T08:44:37.379Z] Session [ef81fd50-0aed-11e7-800e-ab370e145dc3] - page.onError - stack:
  global code (http://127.0.0.1:8080/repos/bundled/shelves/unittests/libraries/basic/:3962)

  phantomjs://platform/console++.js:263 in error
[ERROR - 2017-03-17T08:44:37.379Z] Session [ef81fd50-0aed-11e7-800e-ab370e145dc3] - page.onError - msg: TypeError: undefined is not an object (evaluating 'all_images.push')

  phantomjs://platform/console++.js:263 in error
[ERROR - 2017-03-17T08:44:37.379Z] Session [ef81fd50-0aed-11e7-800e-ab370e145dc3] - page.onError - stack:
  global code (http://127.0.0.1:8080/repos/bundled/shelves/unittests/libraries/basic/:3994)

  phantomjs://platform/console++.js:263 in error
[ERROR - 2017-03-17T08:44:37.380Z] Session [ef81fd50-0aed-11e7-800e-ab370e145dc3] - page.onError - msg: TypeError: undefined is not an object (evaluating 'all_images.push')

  phantomjs://platform/console++.js:263 in error
[ERROR - 2017-03-17T08:44:37.380Z] Session [ef81fd50-0aed-11e7-800e-ab370e145dc3] - page.onError - stack:
  global code (http://127.0.0.1:8080/repos/bundled/shelves/unittests/libraries/basic/:4026)

  phantomjs://platform/console++.js:263 in error
[ERROR - 2017-03-17T08:44:37.380Z] Session [ef81fd50-0aed-11e7-800e-ab370e145dc3] - page.onError - msg: TypeError: undefined is not an object (evaluating 'all_images.push')

  phantomjs://platform/console++.js:263 in error
[ERROR - 2017-03-17T08:44:37.380Z] Session [ef81fd50-0aed-11e7-800e-ab370e145dc3] - page.onError - stack:
  global code (http://127.0.0.1:8080/repos/bundled/shelves/unittests/libraries/basic/:4058)

  phantomjs://platform/console++.js:263 in error
[ERROR - 2017-03-17T08:44:37.380Z] Session [ef81fd50-0aed-11e7-800e-ab370e145dc3] - page.onError - msg: TypeError: undefined is not an object (evaluating 'all_images.push')

  phantomjs://platform/console++.js:263 in error
[ERROR - 2017-03-17T08:44:37.380Z] Session [ef81fd50-0aed-11e7-800e-ab370e145dc3] - page.onError - stack:
  global code (http://127.0.0.1:8080/repos/bundled/shelves/unittests/libraries/basic/:4090)

  phantomjs://platform/console++.js:263 in error
[ERROR - 2017-03-17T08:44:37.380Z] Session [ef81fd50-0aed-11e7-800e-ab370e145dc3] - page.onError - msg: TypeError: undefined is not an object (evaluating 'all_images.push')

  phantomjs://platform/console++.js:263 in error
[ERROR - 2017-03-17T08:44:37.380Z] Session [ef81fd50-0aed-11e7-800e-ab370e145dc3] - page.onError - stack:
  global code (http://127.0.0.1:8080/repos/bundled/shelves/unittests/libraries/basic/:4122)

  phantomjs://platform/console++.js:263 in error
[ERROR - 2017-03-17T08:44:37.380Z] Session [ef81fd50-0aed-11e7-800e-ab370e145dc3] - page.onError - msg: TypeError: undefined is not an object (evaluating 'all_images.push')

  phantomjs://platform/console++.js:263 in error
[ERROR - 2017-03-17T08:44:37.380Z] Session [ef81fd50-0aed-11e7-800e-ab370e145dc3] - page.onError - stack:
  global code (http://127.0.0.1:8080/repos/bundled/shelves/unittests/libraries/basic/:4154)

  phantomjs://platform/console++.js:263 in error
[ERROR - 2017-03-17T08:44:37.381Z] Session [ef81fd50-0aed-11e7-800e-ab370e145dc3] - page.onError - msg: TypeError: undefined is not an object (evaluating 'all_images.push')

  phantomjs://platform/console++.js:263 in error
[ERROR - 2017-03-17T08:44:37.381Z] Session [ef81fd50-0aed-11e7-800e-ab370e145dc3] - page.onError - stack:
  global code (http://127.0.0.1:8080/repos/bundled/shelves/unittests/libraries/basic/:4186)

  phantomjs://platform/console++.js:263 in error
[ERROR - 2017-03-17T08:44:37.381Z] Session [ef81fd50-0aed-11e7-800e-ab370e145dc3] - page.onError - msg: TypeError: undefined is not an object (evaluating 'all_images.push')

  phantomjs://platform/console++.js:263 in error
[ERROR - 2017-03-17T08:44:37.381Z] Session [ef81fd50-0aed-11e7-800e-ab370e145dc3] - page.onError - stack:
  global code (http://127.0.0.1:8080/repos/bundled/shelves/unittests/libraries/basic/:4218)

  phantomjs://platform/console++.js:263 in error
[ERROR - 2017-03-17T08:44:37.381Z] Session [ef81fd50-0aed-11e7-800e-ab370e145dc3] - page.onError - msg: TypeError: undefined is not an object (evaluating 'all_images.push')

  phantomjs://platform/console++.js:263 in error
[ERROR - 2017-03-17T08:44:37.381Z] Session [ef81fd50-0aed-11e7-800e-ab370e145dc3] - page.onError - stack:
  global code (http://127.0.0.1:8080/repos/bundled/shelves/unittests/libraries/basic/:4250)

  phantomjs://platform/console++.js:263 in error
[ERROR - 2017-03-17T08:44:37.381Z] Session [ef81fd50-0aed-11e7-800e-ab370e145dc3] - page.onError - msg: TypeError: undefined is not an object (evaluating 'all_images.push')

  phantomjs://platform/console++.js:263 in error
[ERROR - 2017-03-17T08:44:37.381Z] Session [ef81fd50-0aed-11e7-800e-ab370e145dc3] - page.onError - stack:
  global code (http://127.0.0.1:8080/repos/bundled/shelves/unittests/libraries/basic/:4282)

  phantomjs://platform/console++.js:263 in error
[ERROR - 2017-03-17T08:44:37.381Z] Session [ef81fd50-0aed-11e7-800e-ab370e145dc3] - page.onError - msg: TypeError: undefined is not an object (evaluating 'all_images.push')

  phantomjs://platform/console++.js:263 in error
[ERROR - 2017-03-17T08:44:37.381Z] Session [ef81fd50-0aed-11e7-800e-ab370e145dc3] - page.onError - stack:
  global code (http://127.0.0.1:8080/repos/bundled/shelves/unittests/libraries/basic/:4314)

  phantomjs://platform/console++.js:263 in error
[ERROR - 2017-03-17T08:44:37.381Z] Session [ef81fd50-0aed-11e7-800e-ab370e145dc3] - page.onError - msg: TypeError: undefined is not an object (evaluating 'all_images.push')

  phantomjs://platform/console++.js:263 in error
[ERROR - 2017-03-17T08:44:37.382Z] Session [ef81fd50-0aed-11e7-800e-ab370e145dc3] - page.onError - stack:
  global code (http://127.0.0.1:8080/repos/bundled/shelves/unittests/libraries/basic/:4346)

  phantomjs://platform/console++.js:263 in error
[ERROR - 2017-03-17T08:44:37.382Z] Session [ef81fd50-0aed-11e7-800e-ab370e145dc3] - page.onError - msg: TypeError: undefined is not an object (evaluating 'all_images.push')

  phantomjs://platform/console++.js:263 in error
[ERROR - 2017-03-17T08:44:37.382Z] Session [ef81fd50-0aed-11e7-800e-ab370e145dc3] - page.onError - stack:
  global code (http://127.0.0.1:8080/repos/bundled/shelves/unittests/libraries/basic/:4378)

  phantomjs://platform/console++.js:263 in error
[ERROR - 2017-03-17T08:44:37.382Z] Session [ef81fd50-0aed-11e7-800e-ab370e145dc3] - page.onError - msg: TypeError: undefined is not an object (evaluating 'all_images.push')

  phantomjs://platform/console++.js:263 in error
[ERROR - 2017-03-17T08:44:37.382Z] Session [ef81fd50-0aed-11e7-800e-ab370e145dc3] - page.onError - stack:
  global code (http://127.0.0.1:8080/repos/bundled/shelves/unittests/libraries/basic/:4410)

  phantomjs://platform/console++.js:263 in error
[ERROR - 2017-03-17T08:44:37.382Z] Session [ef81fd50-0aed-11e7-800e-ab370e145dc3] - page.onError - msg: TypeError: undefined is not an object (evaluating 'all_images.push')

  phantomjs://platform/console++.js:263 in error
[ERROR - 2017-03-17T08:44:37.382Z] Session [ef81fd50-0aed-11e7-800e-ab370e145dc3] - page.onError - stack:
  global code (http://127.0.0.1:8080/repos/bundled/shelves/unittests/libraries/basic/:4442)

  phantomjs://platform/console++.js:263 in error
[ERROR - 2017-03-17T08:44:37.382Z] Session [ef81fd50-0aed-11e7-800e-ab370e145dc3] - page.onError - msg: TypeError: undefined is not an object (evaluating 'all_images.push')

  phantomjs://platform/console++.js:263 in error
[ERROR - 2017-03-17T08:44:37.382Z] Session [ef81fd50-0aed-11e7-800e-ab370e145dc3] - page.onError - stack:
  global code (http://127.0.0.1:8080/repos/bundled/shelves/unittests/libraries/basic/:4474)

  phantomjs://platform/console++.js:263 in error
[ERROR - 2017-03-17T08:44:37.383Z] Session [ef81fd50-0aed-11e7-800e-ab370e145dc3] - page.onError - msg: TypeError: undefined is not an object (evaluating 'all_images.push')

  phantomjs://platform/console++.js:263 in error
[ERROR - 2017-03-17T08:44:37.383Z] Session [ef81fd50-0aed-11e7-800e-ab370e145dc3] - page.onError - stack:
  global code (http://127.0.0.1:8080/repos/bundled/shelves/unittests/libraries/basic/:4506)

  phantomjs://platform/console++.js:263 in error
[ERROR - 2017-03-17T08:44:37.383Z] Session [ef81fd50-0aed-11e7-800e-ab370e145dc3] - page.onError - msg: TypeError: undefined is not an object (evaluating 'all_images.push')

  phantomjs://platform/console++.js:263 in error
[ERROR - 2017-03-17T08:44:37.383Z] Session [ef81fd50-0aed-11e7-800e-ab370e145dc3] - page.onError - stack:
  global code (http://127.0.0.1:8080/repos/bundled/shelves/unittests/libraries/basic/:4538)

  phantomjs://platform/console++.js:263 in error
[ERROR - 2017-03-17T08:44:37.383Z] Session [ef81fd50-0aed-11e7-800e-ab370e145dc3] - page.onError - msg: TypeError: undefined is not an object (evaluating 'all_images.push')

  phantomjs://platform/console++.js:263 in error
[ERROR - 2017-03-17T08:44:37.383Z] Session [ef81fd50-0aed-11e7-800e-ab370e145dc3] - page.onError - stack:
  global code (http://127.0.0.1:8080/repos/bundled/shelves/unittests/libraries/basic/:4570)

  phantomjs://platform/console++.js:263 in error
[ERROR - 2017-03-17T08:44:37.383Z] Session [ef81fd50-0aed-11e7-800e-ab370e145dc3] - page.onError - msg: TypeError: undefined is not an object (evaluating 'all_images.push')

  phantomjs://platform/console++.js:263 in error
[ERROR - 2017-03-17T08:44:37.383Z] Session [ef81fd50-0aed-11e7-800e-ab370e145dc3] - page.onError - stack:
  global code (http://127.0.0.1:8080/repos/bundled/shelves/unittests/libraries/basic/:4602)

  phantomjs://platform/console++.js:263 in error
[ERROR - 2017-03-17T08:44:37.384Z] Session [ef81fd50-0aed-11e7-800e-ab370e145dc3] - page.onError - msg: TypeError: undefined is not an object (evaluating 'all_images.push')

  phantomjs://platform/console++.js:263 in error
[ERROR - 2017-03-17T08:44:37.384Z] Session [ef81fd50-0aed-11e7-800e-ab370e145dc3] - page.onError - stack:
  global code (http://127.0.0.1:8080/repos/bundled/shelves/unittests/libraries/basic/:4634)

  phantomjs://platform/console++.js:263 in error
[ERROR - 2017-03-17T08:44:37.384Z] Session [ef81fd50-0aed-11e7-800e-ab370e145dc3] - page.onError - msg: TypeError: undefined is not an object (evaluating 'all_images.push')

  phantomjs://platform/console++.js:263 in error
[ERROR - 2017-03-17T08:44:37.384Z] Session [ef81fd50-0aed-11e7-800e-ab370e145dc3] - page.onError - stack:
  global code (http://127.0.0.1:8080/repos/bundled/shelves/unittests/libraries/basic/:4666)

  phantomjs://platform/console++.js:263 in error
[ERROR - 2017-03-17T08:44:37.384Z] Session [ef81fd50-0aed-11e7-800e-ab370e145dc3] - page.onError - msg: TypeError: undefined is not an object (evaluating 'all_images.push')

  phantomjs://platform/console++.js:263 in error
[ERROR - 2017-03-17T08:44:37.384Z] Session [ef81fd50-0aed-11e7-800e-ab370e145dc3] - page.onError - stack:
  global code (http://127.0.0.1:8080/repos/bundled/shelves/unittests/libraries/basic/:4698)

  phantomjs://platform/console++.js:263 in error
[ERROR - 2017-03-17T08:44:37.385Z] Session [ef81fd50-0aed-11e7-800e-ab370e145dc3] - page.onError - msg: TypeError: undefined is not an object (evaluating 'all_images.push')

  phantomjs://platform/console++.js:263 in error
[ERROR - 2017-03-17T08:44:37.385Z] Session [ef81fd50-0aed-11e7-800e-ab370e145dc3] - page.onError - stack:
  global code (http://127.0.0.1:8080/repos/bundled/shelves/unittests/libraries/basic/:4730)

  phantomjs://platform/console++.js:263 in error
[ERROR - 2017-03-17T08:44:37.385Z] Session [ef81fd50-0aed-11e7-800e-ab370e145dc3] - page.onError - msg: TypeError: undefined is not an object (evaluating 'all_images.push')

  phantomjs://platform/console++.js:263 in error
[ERROR - 2017-03-17T08:44:37.385Z] Session [ef81fd50-0aed-11e7-800e-ab370e145dc3] - page.onError - stack:
  global code (http://127.0.0.1:8080/repos/bundled/shelves/unittests/libraries/basic/:4762)

  phantomjs://platform/console++.js:263 in error
[ERROR - 2017-03-17T08:44:37.385Z] Session [ef81fd50-0aed-11e7-800e-ab370e145dc3] - page.onError - msg: TypeError: undefined is not an object (evaluating 'all_images.push')

  phantomjs://platform/console++.js:263 in error
[ERROR - 2017-03-17T08:44:37.385Z] Session [ef81fd50-0aed-11e7-800e-ab370e145dc3] - page.onError - stack:
  global code (http://127.0.0.1:8080/repos/bundled/shelves/unittests/libraries/basic/:4794)

  phantomjs://platform/console++.js:263 in error
[ERROR - 2017-03-17T08:44:37.385Z] Session [ef81fd50-0aed-11e7-800e-ab370e145dc3] - page.onError - msg: TypeError: undefined is not an object (evaluating 'all_images.push')

  phantomjs://platform/console++.js:263 in error
[ERROR - 2017-03-17T08:44:37.385Z] Session [ef81fd50-0aed-11e7-800e-ab370e145dc3] - page.onError - stack:
  global code (http://127.0.0.1:8080/repos/bundled/shelves/unittests/libraries/basic/:4826)

  phantomjs://platform/console++.js:263 in error
[ERROR - 2017-03-17T08:44:37.385Z] Session [ef81fd50-0aed-11e7-800e-ab370e145dc3] - page.onError - msg: TypeError: undefined is not an object (evaluating 'all_images.push')

  phantomjs://platform/console++.js:263 in error
[ERROR - 2017-03-17T08:44:37.385Z] Session [ef81fd50-0aed-11e7-800e-ab370e145dc3] - page.onError - stack:
  global code (http://127.0.0.1:8080/repos/bundled/shelves/unittests/libraries/basic/:4858)

  phantomjs://platform/console++.js:263 in error
[ERROR - 2017-03-17T08:44:37.386Z] Session [ef81fd50-0aed-11e7-800e-ab370e145dc3] - page.onError - msg: TypeError: undefined is not an object (evaluating 'all_images.push')

  phantomjs://platform/console++.js:263 in error
[ERROR - 2017-03-17T08:44:37.386Z] Session [ef81fd50-0aed-11e7-800e-ab370e145dc3] - page.onError - stack:
  global code (http://127.0.0.1:8080/repos/bundled/shelves/unittests/libraries/basic/:4890)

  phantomjs://platform/console++.js:263 in error
[ERROR - 2017-03-17T08:44:37.386Z] Session [ef81fd50-0aed-11e7-800e-ab370e145dc3] - page.onError - msg: TypeError: undefined is not an object (evaluating 'all_images.push')

  phantomjs://platform/console++.js:263 in error
[ERROR - 2017-03-17T08:44:37.386Z] Session [ef81fd50-0aed-11e7-800e-ab370e145dc3] - page.onError - stack:
  global code (http://127.0.0.1:8080/repos/bundled/shelves/unittests/libraries/basic/:4922)

  phantomjs://platform/console++.js:263 in error
[ERROR - 2017-03-17T08:44:37.386Z] Session [ef81fd50-0aed-11e7-800e-ab370e145dc3] - page.onError - msg: TypeError: undefined is not an object (evaluating 'all_images.push')

  phantomjs://platform/console++.js:263 in error
[ERROR - 2017-03-17T08:44:37.386Z] Session [ef81fd50-0aed-11e7-800e-ab370e145dc3] - page.onError - stack:
  global code (http://127.0.0.1:8080/repos/bundled/shelves/unittests/libraries/basic/:4954)

  phantomjs://platform/console++.js:263 in error
[ERROR - 2017-03-17T08:44:37.386Z] Session [ef81fd50-0aed-11e7-800e-ab370e145dc3] - page.onError - msg: TypeError: undefined is not an object (evaluating 'all_images.push')

  phantomjs://platform/console++.js:263 in error
[ERROR - 2017-03-17T08:44:37.387Z] Session [ef81fd50-0aed-11e7-800e-ab370e145dc3] - page.onError - stack:
  global code (http://127.0.0.1:8080/repos/bundled/shelves/unittests/libraries/basic/:4986)

  phantomjs://platform/console++.js:263 in error
[ERROR - 2017-03-17T08:44:37.387Z] Session [ef81fd50-0aed-11e7-800e-ab370e145dc3] - page.onError - msg: TypeError: undefined is not an object (evaluating 'all_images.push')

  phantomjs://platform/console++.js:263 in error
[ERROR - 2017-03-17T08:44:37.387Z] Session [ef81fd50-0aed-11e7-800e-ab370e145dc3] - page.onError - stack:
  global code (http://127.0.0.1:8080/repos/bundled/shelves/unittests/libraries/basic/:5018)

  phantomjs://platform/console++.js:263 in error
[ERROR - 2017-03-17T08:44:37.387Z] Session [ef81fd50-0aed-11e7-800e-ab370e145dc3] - page.onError - msg: TypeError: undefined is not an object (evaluating 'all_images.push')

  phantomjs://platform/console++.js:263 in error
[ERROR - 2017-03-17T08:44:37.387Z] Session [ef81fd50-0aed-11e7-800e-ab370e145dc3] - page.onError - stack:
  global code (http://127.0.0.1:8080/repos/bundled/shelves/unittests/libraries/basic/:5050)

  phantomjs://platform/console++.js:263 in error
[ERROR - 2017-03-17T08:44:37.388Z] Session [ef81fd50-0aed-11e7-800e-ab370e145dc3] - page.onError - msg: TypeError: undefined is not an object (evaluating 'all_images.push')

  phantomjs://platform/console++.js:263 in error
[ERROR - 2017-03-17T08:44:37.388Z] Session [ef81fd50-0aed-11e7-800e-ab370e145dc3] - page.onError - stack:
  global code (http://127.0.0.1:8080/repos/bundled/shelves/unittests/libraries/basic/:5082)

  phantomjs://platform/console++.js:263 in error
[INFO  - 2017-03-17T08:49:29.277Z] SessionManagerReqHand - _cleanupWindowlessSessions - Asynchronous Sessions clean-up phase starting NOW
[INFO  - 2017-03-17T08:54:29.279Z] SessionManagerReqHand - _cleanupWindowlessSessions - Asynchronous Sessions clean-up phase starting NOW
[INFO  - 2017-03-17T08:59:29.283Z] SessionManagerReqHand - _cleanupWindowlessSessions - Asynchronous Sessions clean-up phase starting NOW
[INFO  - 2017-03-17T09:04:29.288Z] SessionManagerReqHand - _cleanupWindowlessSessions - Asynchronous Sessions clean-up phase starting NOW
[INFO  - 2017-03-17T09:09:29.291Z] SessionManagerReqHand - _cleanupWindowlessSessions - Asynchronous Sessions clean-up phase starting NOW
[INFO  - 2017-03-17T09:14:29.296Z] SessionManagerReqHand - _cleanupWindowlessSessions - Asynchronous Sessions clean-up phase starting NOW
[INFO  - 2017-03-17T09:19:29.312Z] SessionManagerReqHand - _cleanupWindowlessSessions - Asynchronous Sessions clean-up phase starting NOW
[INFO  - 2017-03-17T09:24:29.315Z] SessionManagerReqHand - _cleanupWindowlessSessions - Asynchronous Sessions clean-up phase starting NOW
[INFO  - 2017-03-17T09:29:29.318Z] SessionManagerReqHand - _cleanupWindowlessSessions - Asynchronous Sessions clean-up phase starting NOW
[INFO  - 2017-03-17T09:34:29.322Z] SessionManagerReqHand - _cleanupWindowlessSessions - Asynchronous Sessions clean-up phase starting NOW
[INFO  - 2017-03-17T09:39:29.325Z] SessionManagerReqHand - _cleanupWindowlessSessions - Asynchronous Sessions clean-up phase starting NOW
[INFO  - 2017-03-17T09:44:29.329Z] SessionManagerReqHand - _cleanupWindowlessSessions - Asynchronous Sessions clean-up phase starting NOW
[INFO  - 2017-03-17T09:49:29.331Z] SessionManagerReqHand - _cleanupWindowlessSessions - Asynchronous Sessions clean-up phase starting NOW
[INFO  - 2017-03-17T09:54:29.337Z] SessionManagerReqHand - _cleanupWindowlessSessions - Asynchronous Sessions clean-up phase starting NOW
[INFO  - 2017-03-17T09:59:29.340Z] SessionManagerReqHand - _cleanupWindowlessSessions - Asynchronous Sessions clean-up phase starting NOW
[INFO  - 2017-03-17T10:04:29.772Z] SessionManagerReqHand - _cleanupWindowlessSessions - Asynchronous Sessions clean-up phase starting NOW
[INFO  - 2017-03-17T10:09:29.774Z] SessionManagerReqHand - _cleanupWindowlessSessions - Asynchronous Sessions clean-up phase starting NOW
[INFO  - 2017-03-17T10:14:29.777Z] SessionManagerReqHand - _cleanupWindowlessSessions - Asynchronous Sessions clean-up phase starting NOW
[INFO  - 2017-03-17T10:12:07.527Z] SessionManagerReqHand - _cleanupWindowlessSessions - Asynchronous Sessions clean-up phase starting NOW
[INFO  - 2017-03-17T10:17:07.530Z] SessionManagerReqHand - _cleanupWindowlessSessions - Asynchronous Sessions clean-up phase starting NOW
                                                                                                                                                                                                                                                                                                                                                                                                                                                                                                                                                                                                                                                                                                                                                                                                                                                                                                                                                                                                                                                                                                                                                                                                                                                                                                                                                                                                                                    [INFO  - 2017-03-17T08:48:17.352Z] SessionManagerReqHand - _cleanupWindowlessSessions - Asynchronous Sessions clean-up phase starting NOW
[INFO  - 2017-03-17T08:53:17.356Z] SessionManagerReqHand - _cleanupWindowlessSessions - Asynchronous Sessions clean-up phase starting NOW
[INFO  - 2017-03-17T08:58:17.359Z] SessionManagerReqHand - _cleanupWindowlessSessions - Asynchronous Sessions clean-up phase starting NOW
[INFO  - 2017-03-17T09:03:17.362Z] SessionManagerReqHand - _cleanupWindowlessSessions - Asynchronous Sessions clean-up phase starting NOW
[INFO  - 2017-03-17T09:08:17.365Z] SessionManagerReqHand - _cleanupWindowlessSessions - Asynchronous Sessions clean-up phase starting NOW
[INFO  - 2017-03-17T09:13:17.368Z] SessionManagerReqHand - _cleanupWindowlessSessions - Asynchronous Sessions clean-up phase starting NOW
[INFO  - 2017-03-17T09:18:17.371Z] SessionManagerReqHand - _cleanupWindowlessSessions - Asynchronous Sessions clean-up phase starting NOW
[INFO  - 2017-03-17T09:23:17.384Z] SessionManagerReqHand - _cleanupWindowlessSessions - Asynchronous Sessions clean-up phase starting NOW
[INFO  - 2017-03-17T09:28:17.377Z] SessionManagerReqHand - _cleanupWindowlessSessions - Asynchronous Sessions clean-up phase starting NOW
[INFO  - 2017-03-17T09:33:17.380Z] SessionManagerReqHand - _cleanupWindowlessSessions - Asynchronous Sessions clean-up phase starting NOW
[INFO  - 2017-03-17T09:38:17.384Z] SessionManagerReqHand - _cleanupWindowlessSessions - Asynchronous Sessions clean-up phase starting NOW
[INFO  - 2017-03-17T09:43:17.387Z] SessionManagerReqHand - _cleanupWindowlessSessions - Asynchronous Sessions clean-up phase starting NOW
[INFO  - 2017-03-17T09:48:17.390Z] SessionManagerReqHand - _cleanupWindowlessSessions - Asynchronous Sessions clean-up phase starting NOW
[INFO  - 2017-03-17T09:53:17.393Z] SessionManagerReqHand - _cleanupWindowlessSessions - Asynchronous Sessions clean-up phase starting NOW
[INFO  - 2017-03-17T09:58:17.398Z] SessionManagerReqHand - _cleanupWindowlessSessions - Asynchronous Sessions clean-up phase starting NOW
[INFO  - 2017-03-17T10:03:17.845Z] SessionManagerReqHand - _cleanupWindowlessSessions - Asynchronous Sessions clean-up phase starting NOW
[INFO  - 2017-03-17T10:08:17.848Z] SessionManagerReqHand - _cleanupWindowlessSessions - Asynchronous Sessions clean-up phase starting NOW
[INFO  - 2017-03-17T10:13:17.858Z] SessionManagerReqHand - _cleanupWindowlessSessions - Asynchronous Sessions clean-up phase starting NOW
[INFO  - 2017-03-17T09:30:04.177Z] SessionManagerReqHand - _cleanupWindowlessSessions - Asynchronous Sessions clean-up phase starting NOW
[INFO  - 2017-03-17T09:35:04.186Z] SessionManagerReqHand - _cleanupWindowlessSessions - Asynchronous Sessions clean-up phase starting NOW
[INFO  - 2017-03-17T09:40:04.184Z] SessionManagerReqHand - _cleanupWindowlessSessions - Asynchronous Sessions clean-up phase starting NOW
[INFO  - 2017-03-17T09:45:04.188Z] SessionManagerReqHand - _cleanupWindowlessSessions - Asynchronous Sessions clean-up phase starting NOW
[INFO  - 2017-03-17T09:50:04.191Z] SessionManagerReqHand - _cleanupWindowlessSessions - Asynchronous Sessions clean-up phase starting NOW
[INFO  - 2017-03-17T09:55:04.194Z] SessionManagerReqHand - _cleanupWindowlessSessions - Asynchronous Sessions clean-up phase starting NOW
[INFO  - 2017-03-17T10:00:04.197Z] SessionManagerReqHand - _cleanupWindowlessSessions - Asynchronous Sessions clean-up phase starting NOW
[INFO  - 2017-03-17T10:05:04.628Z] SessionManagerReqHand - _cleanupWindowlessSessions - Asynchronous Sessions clean-up phase starting NOW
[INFO  - 2017-03-17T10:10:04.631Z] SessionManagerReqHand - _cleanupWindowlessSessions - Asynchronous Sessions clean-up phase starting NOW
[INFO  - 2017-03-17T10:15:04.635Z] SessionManagerReqHand - _cleanupWindowlessSessions - Asynchronous Sessions clean-up phase starting NOW
[INFO  - 2017-03-17T10:15:22.628Z] SessionManagerReqHand - _cleanupWindowlessSessions - Asynchronous Sessions clean-up phase starting NOW
